<?xml version="1.0" encoding="UTF-8"?>
<!-- Generated by org.testng.reporters.JUnitXMLReporter -->
<testsuite ignored="2" hostname="Kiran_Mounika" failures="0" tests="3" name="Test" time="2.955" errors="0" timestamp="2024-10-10T23:24:34 IST">
  <testcase classname="test_one.First_Test" name="first" time="0.004"/>
  <testcase classname="test_one.Second_Test" name="second" time="0.0"/>
  <testcase classname="test_one.Third_Test" name="third" time="0.001"/>
  <testcase classname="utility_library.BaseHelper" name="@AfterSuite afterSuite" time="0.0">
    <ignored/>
  </testcase> <!-- @AfterSuite afterSuite -->
  <testcase classname="utility_library.BaseHelper" name="@AfterSuite afterSuite" time="0.0">
    <ignored/>
  </testcase> <!-- @AfterSuite afterSuite -->
</testsuite> <!-- Test -->
