<?xml version="1.0" encoding="UTF-8"?>
<testng-results ignored="0" total="1" passed="1" failed="0" skipped="0">
  <reporter-output>
  </reporter-output>
  <suite started-at="2025-11-01T22:06:01 IST" name="Default suite" finished-at="2025-11-01T22:06:06 IST" duration-ms="4713">
    <groups>
    </groups>
    <test started-at="2025-11-01T22:06:01 IST" name="Default test" finished-at="2025-11-01T22:06:06 IST" duration-ms="4713">
      <class name="test_one.First_Test">
        <test-method is-config="true" signature="beforeMethod(java.lang.reflect.Method)[pri:0, instance:test_one.First_Test@14cd1699]" started-at="2025-11-01T22:06:01 IST" name="beforeMethod" finished-at="2025-11-01T22:06:05 IST" duration-ms="4495" status="PASS">
          <params>
            <param index="0">
              <value>
                <![CDATA[public void test_one.First_Test.first()]]>
              </value>
            </param>
          </params>
          <reporter-output>
          </reporter-output>
        </test-method> <!-- beforeMethod -->
        <test-method signature="first()[pri:0, instance:test_one.First_Test@14cd1699]" started-at="2025-11-01T22:06:05 IST" name="first" finished-at="2025-11-01T22:06:05 IST" duration-ms="9" status="PASS">
          <reporter-output>
          </reporter-output>
        </test-method> <!-- first -->
        <test-method is-config="true" signature="afterMethod(java.lang.reflect.Method)[pri:0, instance:test_one.First_Test@14cd1699]" started-at="2025-11-01T22:06:05 IST" name="afterMethod" finished-at="2025-11-01T22:06:06 IST" duration-ms="172" status="PASS">
          <params>
            <param index="0">
              <value>
                <![CDATA[public void test_one.First_Test.first()]]>
              </value>
            </param>
          </params>
          <reporter-output>
          </reporter-output>
        </test-method> <!-- afterMethod -->
        <test-method is-config="true" signature="afterSuite(org.testng.ITestContext)[pri:0, instance:test_one.First_Test@14cd1699]" started-at="2025-11-01T22:06:06 IST" name="afterSuite" finished-at="2025-11-01T22:06:07 IST" duration-ms="1133" status="PASS">
          <params>
            <param index="0">
              <value>
                <![CDATA[org.testng.TestRunner@4bee18dc]]>
              </value>
            </param>
          </params>
          <reporter-output>
          </reporter-output>
        </test-method> <!-- afterSuite -->
      </class> <!-- test_one.First_Test -->
    </test> <!-- Default test -->
  </suite> <!-- Default suite -->
</testng-results>
